<?xml version="1.0" encoding="UTF-8"?>
<!-- Generated by org.testng.reporters.JUnitXMLReporter -->
<testsuite ignored="0" hostname="DESKTOP-L4DGINJ" failures="0" tests="12" name="Test" time="237.51" errors="0" timestamp="2023-09-24T15:56:33 IST">
  <testcase classname="mainPackage.MainClass" name="Test1" time="3.33"/>
  <testcase classname="mainPackage.MainClass" name="Test2" time="4.254"/>
  <testcase classname="mainPackage.MainClass" name="Test3" time="0.005"/>
  <testcase classname="mainPackage.MainClass" name="Test4" time="46.455"/>
  <testcase classname="mainPackage.MainClass" name="Test5" time="24.16"/>
  <testcase classname="mainPackage.MainClass" name="Test6" time="22.964"/>
  <testcase classname="mainPackage.MainClass" name="Test7" time="20.637"/>
  <testcase classname="mainPackage.MainClass" name="Test8" time="21.823"/>
  <testcase classname="mainPackage.MainClass" name="Test9" time="10.469"/>
  <testcase classname="mainPackage.MainClass" name="Test10" time="17.96"/>
  <testcase classname="mainPackage.MainClass" name="Test11" time="21.099"/>
  <testcase classname="mainPackage.MainClass" name="Test12" time="15.304"/>
</testsuite> <!-- Test -->
